<?xml version="1.0" encoding="UTF-8"?>
<!-- Generated by org.testng.reporters.JUnitReportReporter -->
<testsuite hostname="DESKTOP-LEB444I" failures="0" tests="3" name="testCases.TC001_AccountRegistrationTest" time="40.957" errors="0" timestamp="2025-06-05T15:27:03 COT" skipped="0">
  <testcase classname="testCases.TC001_AccountRegistrationTest" name="verifyAccountRegistration" time="19.381"/>
  <testcase classname="testCases.TC001_AccountRegistrationTest" name="verifyAccountRegistration" time="14.211"/>
  <testcase classname="testCases.TC001_AccountRegistrationTest" name="verifyAccountRegistration" time="7.365"/>
</testsuite> <!-- testCases.TC001_AccountRegistrationTest -->
