<?xml version="1.0" encoding="UTF-8"?>
<!-- Generated by org.testng.reporters.JUnitReportReporter -->
<testsuite hostname="DESKTOP-LEB444I" failures="0" tests="3" name="testCases.TC002_LoginTest" time="13.509" errors="0" timestamp="2025-06-05T15:27:05 COT" skipped="0">
  <testcase classname="testCases.TC002_LoginTest" name="verifyLogin" time="3.813"/>
  <testcase classname="testCases.TC002_LoginTest" name="verifyLogin" time="5.340"/>
  <testcase classname="testCases.TC002_LoginTest" name="verifyLogin" time="4.356"/>
</testsuite> <!-- testCases.TC002_LoginTest -->
