<?xml version="1.0" encoding="UTF-8"?>
<!-- Generated by org.testng.reporters.JUnitReportReporter -->
<testsuite hostname="DESKTOP-LEB444I" failures="0" tests="1" name="testCases.TC002_LoginTest" time="2.645" errors="0" timestamp="2025-06-06T14:41:25 COT" skipped="0">
  <testcase classname="testCases.TC002_LoginTest" name="verifyLogin" time="2.645"/>
</testsuite> <!-- testCases.TC002_LoginTest -->
