<?xml version="1.0" encoding="UTF-8"?>
<!-- Generated by org.testng.reporters.JUnitReportReporter -->
<testsuite hostname="DESKTOP-LEB444I" failures="0" tests="1" name="testCases.TC001_AccountRegistrationTest" time="3.927" errors="0" timestamp="2025-06-06T14:41:25 COT" skipped="0">
  <testcase classname="testCases.TC001_AccountRegistrationTest" name="verifyAccountRegistration" time="3.927"/>
</testsuite> <!-- testCases.TC001_AccountRegistrationTest -->
